0 info it worked if it ends with ok
1 verbose cli [ '/usr/bin/node', '/usr/bin/npm', 'start' ]
2 info using npm@1.4.28
3 info using node@v0.10.40
4 verbose run-script [ 'prestart', 'start', 'poststart' ]
5 info prestart tutor-me@0.0.0
6 info start tutor-me@0.0.0
7 verbose unsafe-perm in lifecycle true
8 info tutor-me@0.0.0 Failed to exec start script
9 error tutor-me@0.0.0 start: `node ./bin/www`
9 error Exit status 8
10 error Failed at the tutor-me@0.0.0 start script.
10 error This is most likely a problem with the tutor-me package,
10 error not with npm itself.
10 error Tell the author that this fails on your system:
10 error     node ./bin/www
10 error You can get their info via:
10 error     npm owner ls tutor-me
10 error There is likely additional logging output above.
11 error System Linux 3.10.0-229.14.1.el7.x86_64
12 error command "/usr/bin/node" "/usr/bin/npm" "start"
13 error cwd /root/dev/TutorMe/TutorMe-Backend
14 error node -v v0.10.40
15 error npm -v 1.4.28
16 error code ELIFECYCLE
17 verbose exit [ 1, true ]
